0 info it worked if it ends with ok
1 verbose cli [ '/Users/justinmarshall/.nvm/v0.10.36/bin/node',
1 verbose cli   '/Users/justinmarshall/.nvm/v0.10.36/bin/npm',
1 verbose cli   'stop',
1 verbose cli   'app' ]
2 info using npm@1.4.28
3 info using node@v0.10.36
4 error Error: ENOENT, open '/Users/justinmarshall/Sites/sandbox/marsh-tweet/node_modules/app/package.json'
5 error If you need help, you may report this *entire* log,
5 error including the npm and node versions, at:
5 error     <http://github.com/npm/npm/issues>
6 error System Darwin 14.5.0
7 error command "/Users/justinmarshall/.nvm/v0.10.36/bin/node" "/Users/justinmarshall/.nvm/v0.10.36/bin/npm" "stop" "app"
8 error cwd /Users/justinmarshall/Sites/sandbox/marsh-tweet
9 error node -v v0.10.36
10 error npm -v 1.4.28
11 error path /Users/justinmarshall/Sites/sandbox/marsh-tweet/node_modules/app/package.json
12 error code ENOENT
13 error errno 34
14 verbose exit [ 34, true ]
